<component name="libraryTable">
  <library name="junit-jupiter">
    <CLASSES>
      <root url="jar://$PROJECT_DIR$/libs/junit-jupiter-api-5.0.0.jar!/" />
    </CLASSES>
    <JAVADOC />
    <SOURCES />
  </library>
</component>